mode: atomic
weather/internal/worker/grpc/handler.go:22.55,24.2 1 0
weather/internal/worker/grpc/handler.go:26.145,29.16 3 0
weather/internal/worker/grpc/handler.go:29.16,31.3 1 0
weather/internal/worker/grpc/handler.go:33.2,39.8 1 0
weather/internal/worker/grpc/handler.go:42.127,45.16 3 0
weather/internal/worker/grpc/handler.go:45.16,47.3 1 0
weather/internal/worker/grpc/handler.go:49.2,50.29 2 0
weather/internal/worker/grpc/handler.go:50.29,56.3 1 0
weather/internal/worker/grpc/handler.go:58.2,61.8 1 0
weather/internal/worker/grpc/handler.go:64.30,65.9 1 5
weather/internal/worker/grpc/handler.go:66.48,67.59 1 1
weather/internal/worker/grpc/handler.go:68.40,69.51 1 1
weather/internal/worker/grpc/handler.go:70.84,71.58 1 1
weather/internal/worker/grpc/handler.go:72.46,73.51 1 1
weather/internal/worker/grpc/handler.go:74.10,75.56 1 1
weather/internal/gateway/cache/cache.go:19.46,24.2 1 2
weather/internal/gateway/cache/cache.go:26.46,32.43 5 3
weather/internal/gateway/cache/cache.go:32.43,34.3 1 2
weather/internal/gateway/cache/cache.go:35.2,35.21 1 1
weather/internal/gateway/cache/cache.go:38.43,45.2 3 1
weather/internal/gateway/httpapi/handlers.go:32.37,33.29 1 16
weather/internal/gateway/httpapi/handlers.go:33.29,35.3 1 16
weather/internal/gateway/httpapi/handlers.go:36.2,36.28 1 16
weather/internal/gateway/httpapi/handlers.go:36.28,38.3 1 16
weather/internal/gateway/httpapi/handlers.go:39.2,39.29 1 16
weather/internal/gateway/httpapi/handlers.go:39.29,41.3 1 16
weather/internal/gateway/httpapi/handlers.go:42.2,42.10 1 16
weather/internal/gateway/httpapi/handlers.go:52.65,54.2 1 16
weather/internal/gateway/httpapi/handlers.go:56.87,67.2 4 16
weather/internal/gateway/httpapi/handlers.go:69.70,74.2 2 1
weather/internal/gateway/httpapi/handlers.go:76.77,78.43 2 9
weather/internal/gateway/httpapi/handlers.go:78.43,81.3 2 1
weather/internal/gateway/httpapi/handlers.go:83.2,84.42 2 8
weather/internal/gateway/httpapi/handlers.go:84.42,88.3 3 1
weather/internal/gateway/httpapi/handlers.go:90.2,96.16 4 7
weather/internal/gateway/httpapi/handlers.go:96.16,98.9 2 5
weather/internal/gateway/httpapi/handlers.go:98.9,99.21 1 5
weather/internal/gateway/httpapi/handlers.go:100.31,101.41 1 1
weather/internal/gateway/httpapi/handlers.go:102.24,103.39 1 1
weather/internal/gateway/httpapi/handlers.go:104.32,105.45 1 1
weather/internal/gateway/httpapi/handlers.go:106.24,107.45 1 1
weather/internal/gateway/httpapi/handlers.go:108.12,109.49 1 1
weather/internal/gateway/httpapi/handlers.go:111.4,111.10 1 5
weather/internal/gateway/httpapi/handlers.go:113.3,114.9 2 0
weather/internal/gateway/httpapi/handlers.go:117.2,127.30 4 2
weather/internal/gateway/httpapi/handlers.go:130.71,135.16 4 8
weather/internal/gateway/httpapi/handlers.go:135.16,138.3 2 1
weather/internal/gateway/httpapi/handlers.go:140.2,141.43 2 7
weather/internal/gateway/httpapi/handlers.go:141.43,144.3 2 1
weather/internal/gateway/httpapi/handlers.go:146.2,147.43 2 6
weather/internal/gateway/httpapi/handlers.go:147.43,151.3 3 0
weather/internal/gateway/httpapi/handlers.go:153.2,160.16 4 6
weather/internal/gateway/httpapi/handlers.go:160.16,162.9 2 5
weather/internal/gateway/httpapi/handlers.go:162.9,163.21 1 5
weather/internal/gateway/httpapi/handlers.go:164.31,165.41 1 1
weather/internal/gateway/httpapi/handlers.go:166.24,167.39 1 1
weather/internal/gateway/httpapi/handlers.go:168.32,169.45 1 1
weather/internal/gateway/httpapi/handlers.go:170.24,171.45 1 1
weather/internal/gateway/httpapi/handlers.go:172.12,173.49 1 1
weather/internal/gateway/httpapi/handlers.go:175.4,175.10 1 5
weather/internal/gateway/httpapi/handlers.go:177.3,178.9 2 0
weather/internal/gateway/httpapi/handlers.go:181.2,182.30 2 1
weather/internal/gateway/httpapi/handlers.go:182.30,188.3 1 3
weather/internal/gateway/httpapi/handlers.go:190.2,196.31 4 1
weather/internal/gateway/httpapi/routes.go:7.53,12.2 3 16
weather/internal/worker/openmeteo/provider.go:21.49,22.19 1 5
weather/internal/worker/openmeteo/provider.go:22.19,24.3 1 0
weather/internal/worker/openmeteo/provider.go:26.2,27.26 2 5
weather/internal/worker/openmeteo/provider.go:27.26,29.3 1 0
weather/internal/worker/openmeteo/provider.go:30.2,32.76 2 5
weather/internal/worker/openmeteo/provider.go:35.98,37.16 2 3
weather/internal/worker/openmeteo/provider.go:37.16,39.3 1 2
weather/internal/worker/openmeteo/provider.go:41.2,52.57 11 1
weather/internal/worker/openmeteo/provider.go:52.57,54.3 1 0
weather/internal/worker/openmeteo/provider.go:56.2,57.16 2 1
weather/internal/worker/openmeteo/provider.go:57.16,60.3 1 0
weather/internal/worker/openmeteo/provider.go:62.2,68.8 1 1
weather/internal/worker/openmeteo/provider.go:72.105,73.15 1 2
weather/internal/worker/openmeteo/provider.go:73.15,75.3 1 1
weather/internal/worker/openmeteo/provider.go:77.2,78.16 2 1
weather/internal/worker/openmeteo/provider.go:78.16,80.3 1 0
weather/internal/worker/openmeteo/provider.go:82.2,92.57 10 1
weather/internal/worker/openmeteo/provider.go:92.57,94.3 1 0
weather/internal/worker/openmeteo/provider.go:96.2,97.30 2 1
weather/internal/worker/openmeteo/provider.go:97.30,99.3 1 0
weather/internal/worker/openmeteo/provider.go:101.2,102.25 2 1
weather/internal/worker/openmeteo/provider.go:102.25,104.17 2 2
weather/internal/worker/openmeteo/provider.go:104.17,105.12 1 0
weather/internal/worker/openmeteo/provider.go:107.3,111.5 1 2
weather/internal/worker/openmeteo/provider.go:114.2,117.8 1 1
weather/internal/worker/openmeteo/provider.go:120.105,129.56 8 4
weather/internal/worker/openmeteo/provider.go:129.56,131.3 1 1
weather/internal/worker/openmeteo/provider.go:132.2,132.28 1 3
weather/internal/worker/openmeteo/provider.go:132.28,134.3 1 1
weather/internal/worker/openmeteo/provider.go:135.2,136.45 2 2
weather/internal/worker/openmeteo/provider.go:140.75,142.16 2 6
weather/internal/worker/openmeteo/provider.go:142.16,144.3 1 0
weather/internal/worker/openmeteo/provider.go:145.2,146.16 2 6
weather/internal/worker/openmeteo/provider.go:146.16,148.3 1 1
weather/internal/worker/openmeteo/provider.go:149.2,151.27 2 5
weather/internal/worker/openmeteo/provider.go:151.27,153.3 1 0
weather/internal/worker/openmeteo/provider.go:154.2,154.46 1 5
weather/cmd/worker/main.go:26.13,34.16 6 0
weather/cmd/worker/main.go:34.16,37.3 2 0
weather/cmd/worker/main.go:38.2,38.15 1 0
weather/cmd/worker/main.go:38.15,41.51 3 0
weather/cmd/worker/main.go:41.51,43.4 1 0
weather/cmd/worker/main.go:46.2,47.16 2 0
weather/cmd/worker/main.go:47.16,50.3 2 0
weather/cmd/worker/main.go:51.2,54.16 3 0
weather/cmd/worker/main.go:54.16,57.3 2 0
weather/cmd/worker/main.go:59.2,73.12 7 0
weather/cmd/worker/main.go:73.12,75.3 1 0
weather/cmd/worker/main.go:77.2,78.9 2 0
weather/cmd/worker/main.go:79.22,80.17 1 0
weather/cmd/worker/main.go:80.17,82.4 1 0
weather/cmd/worker/main.go:83.20,86.13 3 0
weather/cmd/worker/main.go:86.13,89.4 2 0
weather/cmd/worker/main.go:91.3,91.10 1 0
weather/cmd/worker/main.go:92.15,92.15 0 0
weather/cmd/worker/main.go:93.38,95.21 2 0
weather/cmd/worker/main.go:98.3,98.10 1 0
weather/cmd/worker/main.go:99.23,100.18 1 0
weather/cmd/worker/main.go:100.18,102.5 1 0
weather/cmd/worker/main.go:103.45,103.45 0 0
weather/cmd/worker/main.go:108.34,109.53 1 0
weather/cmd/worker/main.go:109.53,111.3 1 0
weather/cmd/worker/main.go:112.2,112.12 1 0
weather/cmd/worker/main.go:115.63,117.15 2 0
weather/cmd/worker/main.go:117.15,119.3 1 0
weather/cmd/worker/main.go:121.2,122.26 2 0
weather/cmd/worker/main.go:122.26,125.3 2 0
weather/cmd/worker/main.go:126.2,126.10 1 0
weather/cmd/gateway/main.go:21.13,34.16 7 0
weather/cmd/gateway/main.go:34.16,37.3 2 0
weather/cmd/gateway/main.go:38.2,38.15 1 0
weather/cmd/gateway/main.go:38.15,41.51 3 0
weather/cmd/gateway/main.go:41.51,43.4 1 0
weather/cmd/gateway/main.go:46.2,47.16 2 0
weather/cmd/gateway/main.go:47.16,50.3 2 0
weather/cmd/gateway/main.go:51.2,62.12 8 0
weather/cmd/gateway/main.go:62.12,64.3 1 0
weather/cmd/gateway/main.go:66.2,67.9 2 0
weather/cmd/gateway/main.go:68.22,69.48 1 0
weather/cmd/gateway/main.go:69.48,71.4 1 0
weather/cmd/gateway/main.go:72.20,77.51 4 0
weather/cmd/gateway/main.go:77.51,79.4 1 0
weather/cmd/gateway/main.go:81.3,81.64 1 0
weather/cmd/gateway/main.go:81.64,83.4 1 0
weather/cmd/gateway/main.go:87.34,88.53 1 0
weather/cmd/gateway/main.go:88.53,90.3 1 0
weather/cmd/gateway/main.go:91.2,91.12 1 0
weather/cmd/gateway/main.go:94.63,96.15 2 0
weather/cmd/gateway/main.go:96.15,98.3 1 0
weather/cmd/gateway/main.go:100.2,101.26 2 0
weather/cmd/gateway/main.go:101.26,104.3 2 0
weather/cmd/gateway/main.go:105.2,105.10 1 0
weather/proto/weather.pb.go:33.44,38.2 4 0
weather/proto/weather.pb.go:40.52,42.2 1 0
weather/proto/weather.pb.go:44.50,44.51 0 0
weather/proto/weather.pb.go:46.72,48.14 2 0
weather/proto/weather.pb.go:48.14,50.34 2 0
weather/proto/weather.pb.go:50.34,52.4 1 0
weather/proto/weather.pb.go:53.3,53.12 1 0
weather/proto/weather.pb.go:55.2,55.24 1 0
weather/proto/weather.pb.go:59.63,61.2 1 0
weather/proto/weather.pb.go:63.53,64.14 1 0
weather/proto/weather.pb.go:64.14,66.3 1 0
weather/proto/weather.pb.go:67.2,67.11 1 0
weather/proto/weather.pb.go:81.45,86.2 4 0
weather/proto/weather.pb.go:88.53,90.2 1 0
weather/proto/weather.pb.go:92.51,92.52 0 0
weather/proto/weather.pb.go:94.73,96.14 2 0
weather/proto/weather.pb.go:96.14,98.34 2 0
weather/proto/weather.pb.go:98.34,100.4 1 0
weather/proto/weather.pb.go:101.3,101.12 1 0
weather/proto/weather.pb.go:103.2,103.24 1 0
weather/proto/weather.pb.go:107.64,109.2 1 0
weather/proto/weather.pb.go:111.54,112.14 1 0
weather/proto/weather.pb.go:112.14,114.3 1 0
weather/proto/weather.pb.go:115.2,115.11 1 0
weather/proto/weather.pb.go:118.63,119.14 1 0
weather/proto/weather.pb.go:119.14,121.3 1 0
weather/proto/weather.pb.go:122.2,122.10 1 0
weather/proto/weather.pb.go:125.62,126.14 1 0
weather/proto/weather.pb.go:126.14,128.3 1 0
weather/proto/weather.pb.go:129.2,129.10 1 0
weather/proto/weather.pb.go:132.60,133.14 1 0
weather/proto/weather.pb.go:133.14,135.3 1 0
weather/proto/weather.pb.go:136.2,136.10 1 0
weather/proto/weather.pb.go:139.76,140.14 1 0
weather/proto/weather.pb.go:140.14,142.3 1 0
weather/proto/weather.pb.go:143.2,143.12 1 0
weather/proto/weather.pb.go:154.38,159.2 4 0
weather/proto/weather.pb.go:161.46,163.2 1 0
weather/proto/weather.pb.go:165.44,165.45 0 0
weather/proto/weather.pb.go:167.66,169.14 2 0
weather/proto/weather.pb.go:169.14,171.34 2 0
weather/proto/weather.pb.go:171.34,173.4 1 0
weather/proto/weather.pb.go:174.3,174.12 1 0
weather/proto/weather.pb.go:176.2,176.24 1 0
weather/proto/weather.pb.go:180.57,182.2 1 0
weather/proto/weather.pb.go:184.47,185.14 1 0
weather/proto/weather.pb.go:185.14,187.3 1 0
weather/proto/weather.pb.go:188.2,188.11 1 0
weather/proto/weather.pb.go:191.46,192.14 1 0
weather/proto/weather.pb.go:192.14,194.3 1 0
weather/proto/weather.pb.go:195.2,195.10 1 0
weather/proto/weather.pb.go:206.39,211.2 4 0
weather/proto/weather.pb.go:213.47,215.2 1 0
weather/proto/weather.pb.go:217.45,217.46 0 0
weather/proto/weather.pb.go:219.67,221.14 2 0
weather/proto/weather.pb.go:221.14,223.34 2 0
weather/proto/weather.pb.go:223.34,225.4 1 0
weather/proto/weather.pb.go:226.3,226.12 1 0
weather/proto/weather.pb.go:228.2,228.24 1 0
weather/proto/weather.pb.go:232.58,234.2 1 0
weather/proto/weather.pb.go:236.48,237.14 1 0
weather/proto/weather.pb.go:237.14,239.3 1 0
weather/proto/weather.pb.go:240.2,240.11 1 0
weather/proto/weather.pb.go:243.58,244.14 1 0
weather/proto/weather.pb.go:244.14,246.3 1 0
weather/proto/weather.pb.go:247.2,247.12 1 0
weather/proto/weather.pb.go:259.33,264.2 4 0
weather/proto/weather.pb.go:266.41,268.2 1 0
weather/proto/weather.pb.go:270.39,270.40 0 0
weather/proto/weather.pb.go:272.61,274.14 2 0
weather/proto/weather.pb.go:274.14,276.34 2 0
weather/proto/weather.pb.go:276.34,278.4 1 0
weather/proto/weather.pb.go:279.3,279.12 1 0
weather/proto/weather.pb.go:281.2,281.24 1 0
weather/proto/weather.pb.go:285.52,287.2 1 0
weather/proto/weather.pb.go:289.42,290.14 1 0
weather/proto/weather.pb.go:290.14,292.3 1 0
weather/proto/weather.pb.go:293.2,293.11 1 0
weather/proto/weather.pb.go:296.43,297.14 1 0
weather/proto/weather.pb.go:297.14,299.3 1 0
weather/proto/weather.pb.go:300.2,300.10 1 0
weather/proto/weather.pb.go:303.43,304.14 1 0
weather/proto/weather.pb.go:304.14,306.3 1 0
weather/proto/weather.pb.go:307.2,307.10 1 0
weather/proto/weather.pb.go:344.52,345.49 1 0
weather/proto/weather.pb.go:345.49,347.3 1 0
weather/proto/weather.pb.go:348.2,348.45 1 0
weather/proto/weather.pb.go:374.13,374.48 1 0
weather/proto/weather.pb.go:375.38,376.37 1 0
weather/proto/weather.pb.go:376.37,378.3 1 0
weather/proto/weather.pb.go:379.2,395.40 5 0
weather/proto/weather_grpc.pb.go:38.80,40.2 1 0
weather/proto/weather_grpc.pb.go:42.162,46.16 4 0
weather/proto/weather_grpc.pb.go:46.16,48.3 1 0
weather/proto/weather_grpc.pb.go:49.2,49.17 1 0
weather/proto/weather_grpc.pb.go:52.144,56.16 4 0
weather/proto/weather_grpc.pb.go:56.16,58.3 1 0
weather/proto/weather_grpc.pb.go:59.2,59.17 1 0
weather/proto/weather_grpc.pb.go:78.140,80.2 1 0
weather/proto/weather_grpc.pb.go:81.122,83.2 1 0
weather/proto/weather_grpc.pb.go:84.88,84.89 0 0
weather/proto/weather_grpc.pb.go:85.88,85.89 0 0
weather/proto/weather_grpc.pb.go:94.86,99.59 1 0
weather/proto/weather_grpc.pb.go:99.59,101.3 1 0
weather/proto/weather_grpc.pb.go:102.2,102.53 1 0
weather/proto/weather_grpc.pb.go:105.177,107.32 2 0
weather/proto/weather_grpc.pb.go:107.32,109.3 1 0
weather/proto/weather_grpc.pb.go:110.2,110.24 1 0
weather/proto/weather_grpc.pb.go:110.24,112.3 1 0
weather/proto/weather_grpc.pb.go:113.2,117.77 2 0
weather/proto/weather_grpc.pb.go:117.77,119.3 1 0
weather/proto/weather_grpc.pb.go:120.2,120.44 1 0
weather/proto/weather_grpc.pb.go:123.171,125.32 2 0
weather/proto/weather_grpc.pb.go:125.32,127.3 1 0
weather/proto/weather_grpc.pb.go:128.2,128.24 1 0
weather/proto/weather_grpc.pb.go:128.24,130.3 1 0
weather/proto/weather_grpc.pb.go:131.2,135.77 2 0
weather/proto/weather_grpc.pb.go:135.77,137.3 1 0
weather/proto/weather_grpc.pb.go:138.2,138.44 1 0
weather/internal/worker/domain/weather.go:11.31,11.51 1 0
weather/internal/observability/otel.go:17.97,18.36 1 0
weather/internal/observability/otel.go:18.36,19.38 1 0
weather/internal/observability/otel.go:19.38,19.52 1 0
weather/internal/observability/otel.go:22.2,29.14 5 0
weather/internal/observability/otel.go:29.14,31.3 1 0
weather/internal/observability/otel.go:33.2,34.16 2 0
weather/internal/observability/otel.go:34.16,36.3 1 0
weather/internal/observability/otel.go:38.2,61.25 6 0
weather/internal/observability/otel.go:64.34,65.53 1 0
weather/internal/observability/otel.go:65.53,67.3 1 0
weather/internal/observability/otel.go:68.2,68.12 1 0
weather/internal/observability/otel.go:71.41,72.60 1 0
weather/internal/observability/otel.go:73.10,74.13 1 0
weather/internal/observability/otel.go:75.42,76.14 1 0
weather/internal/observability/otel.go:77.43,78.15 1 0
weather/internal/observability/otel.go:79.10,80.13 1 0
weather/internal/worker/service/weather.go:14.59,16.2 1 0
weather/internal/worker/service/weather.go:18.104,20.16 2 0
weather/internal/worker/service/weather.go:20.16,22.3 1 0
weather/internal/worker/service/weather.go:23.2,23.17 1 0
weather/internal/worker/service/weather.go:26.111,28.16 2 0
weather/internal/worker/service/weather.go:28.16,30.3 1 0
weather/internal/worker/service/weather.go:31.2,31.17 1 0
weather/internal/gateway/server/middleware.go:14.46,17.2 2 0
weather/internal/gateway/server/middleware.go:19.48,20.71 1 0
weather/internal/gateway/server/middleware.go:20.71,30.3 4 0
weather/internal/gateway/server/server.go:15.55,24.2 1 0
weather/internal/worker/mock/provider.go:11.30,11.52 1 0
weather/internal/worker/mock/provider.go:13.98,22.2 2 0
weather/internal/worker/mock/provider.go:24.105,27.35 3 0
weather/internal/worker/mock/provider.go:27.35,33.3 1 0
weather/internal/worker/mock/provider.go:34.2,34.52 1 0
weather/internal/gateway/rpc/rpc.go:16.46,22.16 2 2
weather/internal/gateway/rpc/rpc.go:22.16,24.3 1 1
weather/internal/gateway/rpc/rpc.go:26.2,29.8 1 1
weather/internal/gateway/rpc/rpc.go:32.32,34.2 1 1
